============================= test session starts ==============================
platform linux -- Python 3.12.3, pytest-7.4.3, pluggy-1.6.0 -- /mnt/c/Users/AnatolKhmialeuski/Workspace/telegram_myweeks_life_bot/.venv/bin/python
cachedir: .pytest_cache
rootdir: /mnt/c/Users/AnatolKhmialeuski/Workspace/telegram_myweeks_life_bot
configfile: pyproject.toml
plugins: anyio-4.10.0, asyncio-0.21.1, cov-4.1.0, mock-3.11.1
asyncio: mode=Mode.STRICT
collecting ... collected 618 items / 1 error

==================================== ERRORS ====================================
__________ ERROR collecting tests/test_bot/test_visualize_handler.py ___________
.venv/lib/python3.12/site-packages/_pytest/python.py:617: in _importtestmodule
    mod = import_path(self.path, mode=importmode, root=self.config.rootpath)
.venv/lib/python3.12/site-packages/_pytest/pathlib.py:567: in import_path
    importlib.import_module(module_name)
/usr/lib/python3.12/importlib/__init__.py:90: in import_module
    return _bootstrap._gcd_import(name[level:], package, level)
<frozen importlib._bootstrap>:1387: in _gcd_import
    ???
<frozen importlib._bootstrap>:1360: in _find_and_load
    ???
<frozen importlib._bootstrap>:1331: in _find_and_load_unlocked
    ???
<frozen importlib._bootstrap>:935: in _load_unlocked
    ???
.venv/lib/python3.12/site-packages/_pytest/assertion/rewrite.py:177: in exec_module
    source_stat, co = _rewrite_test(fn, self.config)
.venv/lib/python3.12/site-packages/_pytest/assertion/rewrite.py:359: in _rewrite_test
    tree = ast.parse(source, filename=strfn)
/usr/lib/python3.12/ast.py:52: in parse
    return compile(source, filename, mode, flags,
E     File "/mnt/c/Users/AnatolKhmialeuski/Workspace/telegram_myweeks_life_bot/tests/test_bot/test_visualize_handler.py", line 48
E       with patch(
E   IndentationError: unexpected indent
=========================== short test summary info ============================
ERROR tests/test_bot/test_visualize_handler.py
!!!!!!!!!!!!!!!!!!!! Interrupted: 1 error during collection !!!!!!!!!!!!!!!!!!!!
=============================== 1 error in 5.58s ===============================
